<?xml version="1.0" encoding="UTF-8"?>
<testng-results ignored="0" total="1" passed="1" failed="0" skipped="0">
  <reporter-output>
  </reporter-output>
  <suite started-at="2024-05-29T10:42:40 IST" name="Default suite" finished-at="2024-05-29T10:42:46 IST" duration-ms="6847">
    <groups>
    </groups>
    <test started-at="2024-05-29T10:42:40 IST" name="Default test" finished-at="2024-05-29T10:42:46 IST" duration-ms="6847">
      <class name="TestCases1.TC_003logininvalidemail">
        <test-method is-config="true" signature="setup()[pri:0, instance:TestCases1.TC_003logininvalidemail@55141def]" started-at="2024-05-29T10:42:30 IST" name="setup" finished-at="2024-05-29T10:42:40 IST" duration-ms="9265" status="PASS">
          <reporter-output>
          </reporter-output>
        </test-method> <!-- setup -->
        <test-method signature="CreateAccount()[pri:0, instance:TestCases1.TC_003logininvalidemail@55141def]" started-at="2024-05-29T10:42:40 IST" name="CreateAccount" finished-at="2024-05-29T10:42:46 IST" duration-ms="6714" status="PASS">
          <reporter-output>
          </reporter-output>
        </test-method> <!-- CreateAccount -->
        <test-method is-config="true" signature="close()[pri:0, instance:TestCases1.TC_003logininvalidemail@55141def]" started-at="2024-05-29T10:42:47 IST" name="close" finished-at="2024-05-29T10:42:47 IST" duration-ms="460" status="PASS">
          <reporter-output>
          </reporter-output>
        </test-method> <!-- close -->
      </class> <!-- TestCases1.TC_003logininvalidemail -->
    </test> <!-- Default test -->
  </suite> <!-- Default suite -->
</testng-results>
